{"C:\\Users\\lifetime\\Desktop\\personal\\QTS-topdown-bottomup\\src\\bankSlip.ts": {"path":"C:\\Users\\lifetime\\Desktop\\personal\\QTS-topdown-bottomup\\src\\bankSlip.ts","statementMap":{"0":{"start":{"line":1,"column":0},"end":{"line":1,"column":32}},"1":{"start":{"line":5,"column":4},"end":{"line":8,"column":null}},"2":{"start":{"line":6,"column":26},"end":{"line":6,"column":75}},"3":{"start":{"line":7,"column":6},"end":{"line":7,"column":53}},"4":{"start":{"line":9,"column":4},"end":{"line":9,"column":17}},"5":{"start":{"line":13,"column":17},"end":{"line":13,"column":31}},"6":{"start":{"line":15,"column":9},"end":{"line":15,"column":17}}},"fnMap":{"0":{"name":"(anonymous_0)","decl":{"start":{"line":4,"column":2},"end":{"line":4,"column":22}},"loc":{"start":{"line":4,"column":77},"end":{"line":10,"column":3}}}},"branchMap":{"0":{"loc":{"start":{"line":5,"column":4},"end":{"line":8,"column":null}},"type":"if","locations":[{"start":{"line":5,"column":4},"end":{"line":8,"column":null}}]}},"s":{"0":1,"1":2,"2":1,"3":1,"4":1,"5":1,"6":1},"f":{"0":2},"b":{"0":[1]}}
,"C:\\Users\\lifetime\\Desktop\\personal\\QTS-topdown-bottomup\\src\\utils.ts": {"path":"C:\\Users\\lifetime\\Desktop\\personal\\QTS-topdown-bottomup\\src\\utils.ts","statementMap":{"0":{"start":{"line":3,"column":20},"end":{"line":3,"column":41}},"1":{"start":{"line":4,"column":18},"end":{"line":4,"column":37}},"2":{"start":{"line":5,"column":17},"end":{"line":5,"column":56}},"3":{"start":{"line":6,"column":19},"end":{"line":6,"column":28}},"4":{"start":{"line":7,"column":4},"end":{"line":7,"column":18}},"5":{"start":{"line":11,"column":4},"end":{"line":11,"column":22}},"6":{"start":{"line":15,"column":14},"end":{"line":15,"column":25}},"7":{"start":{"line":17,"column":9},"end":{"line":17,"column":14}}},"fnMap":{"0":{"name":"(anonymous_0)","decl":{"start":{"line":2,"column":2},"end":{"line":2,"column":16}},"loc":{"start":{"line":2,"column":51},"end":{"line":8,"column":3}}},"1":{"name":"(anonymous_1)","decl":{"start":{"line":10,"column":2},"end":{"line":10,"column":14}},"loc":{"start":{"line":10,"column":27},"end":{"line":12,"column":3}}}},"branchMap":{},"s":{"0":3,"1":3,"2":3,"3":3,"4":3,"5":0,"6":1,"7":1},"f":{"0":3,"1":0},"b":{}}
}
